{"/Users/mk2/git/readall/index.js":{"path":"/Users/mk2/git/readall/index.js","s":{"1":1},"b":{},"f":{},"fnMap":{},"statementMap":{"1":{"start":{"line":1,"column":0},"end":{"line":1,"column":42}}},"branchMap":{}},"/Users/mk2/git/readall/lib/readall.js":{"path":"/Users/mk2/git/readall/lib/readall.js","s":{"1":1,"2":1,"3":5,"4":5,"5":1,"6":5,"7":5,"8":5,"9":1,"10":11,"11":11,"12":5,"13":5,"14":5,"15":1,"16":2,"17":2,"18":2,"19":1,"20":3,"21":3,"22":3,"23":2,"24":3,"25":3,"26":5,"27":5,"28":5,"29":5,"30":1},"b":{"1":[2,1]},"f":{"1":5,"2":5,"3":11,"4":2,"5":3},"fnMap":{"1":{"name":"readall","line":19,"loc":{"start":{"line":19,"column":0},"end":{"line":19,"column":35}}},"2":{"name":"clean","line":23,"loc":{"start":{"line":23,"column":2},"end":{"line":23,"column":19}}},"3":{"name":"onread","line":29,"loc":{"start":{"line":29,"column":2},"end":{"line":29,"column":20}}},"4":{"name":"onerror","line":38,"loc":{"start":{"line":38,"column":2},"end":{"line":38,"column":24}}},"5":{"name":"onend","line":44,"loc":{"start":{"line":44,"column":2},"end":{"line":44,"column":19}}}},"statementMap":{"1":{"start":{"line":17,"column":0},"end":{"line":17,"column":40}},"2":{"start":{"line":19,"column":0},"end":{"line":59,"column":1}},"3":{"start":{"line":20,"column":2},"end":{"line":20,"column":18}},"4":{"start":{"line":21,"column":2},"end":{"line":21,"column":15}},"5":{"start":{"line":23,"column":2},"end":{"line":27,"column":3}},"6":{"start":{"line":24,"column":4},"end":{"line":24,"column":46}},"7":{"start":{"line":25,"column":4},"end":{"line":25,"column":44}},"8":{"start":{"line":26,"column":4},"end":{"line":26,"column":40}},"9":{"start":{"line":29,"column":2},"end":{"line":36,"column":3}},"10":{"start":{"line":30,"column":4},"end":{"line":30,"column":14}},"11":{"start":{"line":31,"column":4},"end":{"line":35,"column":5}},"12":{"start":{"line":32,"column":6},"end":{"line":32,"column":27}},"13":{"start":{"line":33,"column":6},"end":{"line":33,"column":25}},"14":{"start":{"line":34,"column":6},"end":{"line":34,"column":71}},"15":{"start":{"line":38,"column":2},"end":{"line":42,"column":3}},"16":{"start":{"line":39,"column":4},"end":{"line":39,"column":12}},"17":{"start":{"line":40,"column":4},"end":{"line":40,"column":41}},"18":{"start":{"line":41,"column":4},"end":{"line":41,"column":18}},"19":{"start":{"line":44,"column":2},"end":{"line":52,"column":3}},"20":{"start":{"line":45,"column":4},"end":{"line":45,"column":12}},"21":{"start":{"line":46,"column":4},"end":{"line":46,"column":20}},"22":{"start":{"line":47,"column":4},"end":{"line":49,"column":5}},"23":{"start":{"line":48,"column":6},"end":{"line":48,"column":41}},"24":{"start":{"line":50,"column":4},"end":{"line":50,"column":64}},"25":{"start":{"line":51,"column":4},"end":{"line":51,"column":25}},"26":{"start":{"line":54,"column":2},"end":{"line":54,"column":32}},"27":{"start":{"line":55,"column":2},"end":{"line":55,"column":26}},"28":{"start":{"line":56,"column":2},"end":{"line":56,"column":30}},"29":{"start":{"line":58,"column":2},"end":{"line":58,"column":11}},"30":{"start":{"line":61,"column":0},"end":{"line":61,"column":25}}},"branchMap":{"1":{"line":47,"type":"if","locations":[{"start":{"line":47,"column":4},"end":{"line":47,"column":4}},{"start":{"line":47,"column":4},"end":{"line":47,"column":4}}]}}}}