TN:
SF:/Users/mk2/git/readall/index.js
FNF:0
FNH:0
DA:1,1
LF:1
LH:1
BRF:0
BRH:0
end_of_record
TN:
SF:/Users/mk2/git/readall/lib/readall.js
FN:19,readall
FN:23,clean
FN:29,onread
FN:38,onerror
FN:44,onend
FNF:5
FNH:5
FNDA:5,readall
FNDA:5,clean
FNDA:11,onread
FNDA:2,onerror
FNDA:3,onend
DA:17,1
DA:19,1
DA:20,5
DA:21,5
DA:23,1
DA:24,5
DA:25,5
DA:26,5
DA:29,1
DA:30,11
DA:31,11
DA:32,5
DA:33,5
DA:34,5
DA:38,1
DA:39,2
DA:40,2
DA:41,2
DA:44,1
DA:45,3
DA:46,3
DA:47,3
DA:48,2
DA:50,3
DA:51,3
DA:54,5
DA:55,5
DA:56,5
DA:58,5
DA:61,1
LF:30
LH:30
BRDA:47,1,0,2
BRDA:47,1,1,1
BRF:2
BRH:2
end_of_record
